Log file open, 01/16/19 13:01:11
LogWindows: Failed to load 'aqProf.dll' (GetLastError=126)
LogWindows: File 'aqProf.dll' does not exist
LogWindows: Failed to load 'VtuneApi.dll' (GetLastError=126)
LogWindows: File 'VtuneApi.dll' does not exist
LogWindows: Failed to load 'VtuneApi32e.dll' (GetLastError=126)
LogWindows: File 'VtuneApi32e.dll' does not exist
LogConsoleResponse: Display: Failed to find resolution value strings in scalability ini. Falling back to default.
LogInit: Display: Running engine for game: Project
LogPakFile: Registered encryption key '00000000000000000000000000000000': 0 pak files mounted, 0 remain pending
LogPlatformFile: Not using cached read wrapper
LogTaskGraph: Started task graph with 5 named threads and 23 total threads with 3 sets of task threads.
LogStats: Stats thread started at 0.273676
LogD3D11RHI: Loaded GFSDK_Aftermath_Lib.x64.dll
LogICUInternationalization: ICU TimeZone Detection - Raw Offset: -5:00, Platform Override: ''
LogPluginManager: Mounting plugin Paper2D
LogPluginManager: Mounting plugin AISupport
LogPluginManager: Mounting plugin LightPropagationVolume
LogPluginManager: Mounting plugin ActorLayerUtilities
LogPluginManager: Mounting plugin CLionSourceCodeAccess
LogPluginManager: Mounting plugin CodeLiteSourceCodeAccess
LogPluginManager: Mounting plugin GitSourceControl
LogPluginManager: Mounting plugin KDevelopSourceCodeAccess
LogPluginManager: Mounting plugin NullSourceCodeAccess
LogPluginManager: Mounting plugin PerforceSourceControl
LogPluginManager: Mounting plugin SubversionSourceControl
LogPluginManager: Mounting plugin UObjectPlugin
LogPluginManager: Mounting plugin VisualStudioCodeSourceCodeAccess
LogPluginManager: Mounting plugin VisualStudioSourceCodeAccess
LogPluginManager: Mounting plugin XCodeSourceCodeAccess
LogPluginManager: Mounting plugin AssetManagerEditor
LogPluginManager: Mounting plugin CryptoKeys
LogPluginManager: Mounting plugin DataValidation
LogPluginManager: Mounting plugin FacialAnimation
LogPluginManager: Mounting plugin GameplayTagsEditor
LogPluginManager: Mounting plugin MacGraphicsSwitching
LogPluginManager: Mounting plugin MeshEditor
LogPluginManager: Mounting plugin MobileLauncherProfileWizard
LogPluginManager: Mounting plugin PluginBrowser
LogPluginManager: Mounting plugin SpeedTreeImporter
LogPluginManager: Mounting plugin DatasmithContent
LogPluginManager: Mounting plugin VariantManagerContent
LogPluginManager: Mounting plugin AlembicImporter
LogPluginManager: Mounting plugin AppleImageUtils
LogPluginManager: Mounting plugin AppleVision
LogPluginManager: Mounting plugin BackChannel
LogPluginManager: Mounting plugin CharacterAI
LogPluginManager: Mounting plugin GeometryCache
LogPluginManager: Mounting plugin HTML5Networking
LogPluginManager: Mounting plugin ProxyLODPlugin
LogPluginManager: Mounting plugin MagicLeap
LogPluginManager: Mounting plugin MagicLeapMedia
LogPluginManager: Mounting plugin AndroidMedia
LogPluginManager: Mounting plugin AvfMedia
LogPluginManager: Mounting plugin ImgMedia
LogPluginManager: Mounting plugin LinearTimecode
LogPluginManager: Mounting plugin MediaCompositing
LogPluginManager: Mounting plugin MediaPlayerEditor
LogPluginManager: Mounting plugin WebMMedia
LogPluginManager: Mounting plugin WmfMedia
LogPluginManager: Mounting plugin TcpMessaging
LogPluginManager: Mounting plugin UdpMessaging
LogPluginManager: Mounting plugin ActorSequence
LogPluginManager: Mounting plugin LevelSequenceEditor
LogPluginManager: Mounting plugin MatineeToLevelSequence
LogPluginManager: Mounting plugin NetcodeUnitTest
LogPluginManager: Mounting plugin NUTUnrealEngine4
LogPluginManager: Mounting plugin OnlineSubsystemGooglePlay
LogPluginManager: Mounting plugin OnlineSubsystemIOS
LogPluginManager: Mounting plugin OnlineSubsystem
LogPluginManager: Mounting plugin OnlineSubsystemNull
LogPluginManager: Mounting plugin OnlineSubsystemUtils
LogPluginManager: Mounting plugin LauncherChunkInstaller
LogPluginManager: Mounting plugin AndroidDeviceProfileSelector
LogPluginManager: Mounting plugin AndroidMoviePlayer
LogPluginManager: Mounting plugin AndroidPermission
LogPluginManager: Mounting plugin AppleMoviePlayer
LogPluginManager: Mounting plugin ArchVisCharacter
LogPluginManager: Mounting plugin AudioCapture
LogPluginManager: Mounting plugin CableComponent
LogPluginManager: Mounting plugin CustomMeshComponent
LogPluginManager: Mounting plugin EditableMesh
LogPluginManager: Mounting plugin ExampleDeviceProfileSelector
LogPluginManager: Mounting plugin Firebase
LogPluginManager: Mounting plugin GoogleCloudMessaging
LogPluginManager: Mounting plugin IOSDeviceProfileSelector
LogPluginManager: Mounting plugin LinuxDeviceProfileSelector
LogPluginManager: Mounting plugin LocationServicesBPLibrary
LogPluginManager: Mounting plugin MobilePatchingUtils
LogPluginManager: Mounting plugin OculusVR
LogPluginManager: Mounting plugin PhysXVehicles
LogPluginManager: Mounting plugin ProceduralMeshComponent
LogPluginManager: Mounting plugin RuntimePhysXCooking
LogPluginManager: Mounting plugin SteamVR
LogPluginManager: Mounting plugin WebMMoviePlayer
LogPluginManager: Mounting plugin WindowsMoviePlayer
LogStreaming: Display: Took  0.063s to configure plugins.
LogInit: Using libcurl 7.55.1-DEV
LogInit:  - built for x86_64-pc-win32
LogInit:  - supports SSL with OpenSSL/1.0.2h
LogInit:  - supports HTTP deflate (compression) using libz 1.2.8
LogInit:  - other features:
LogInit:      CURL_VERSION_SSL
LogInit:      CURL_VERSION_LIBZ
LogInit:      CURL_VERSION_IPV6
LogInit:      CURL_VERSION_ASYNCHDNS
LogInit:      CURL_VERSION_LARGEFILE
LogInit:      CURL_VERSION_IDN
LogInit:  CurlRequestOptions (configurable via config and command line):
LogInit:  - bVerifyPeer = true  - Libcurl will verify peer certificate
LogInit:  - bUseHttpProxy = false  - Libcurl will NOT use HTTP proxy
LogInit:  - bDontReuseConnections = false  - Libcurl will reuse connections
LogInit:  - MaxHostConnections = 16  - Libcurl will limit the number of connections to a host
LogInit:  - LocalHostAddr = Default
LogInit:  - BufferSize = 65536
LogInit: WinSock: version 1.1 (2.2), MaxSocks=32767, MaxUdp=65467
LogInit: Build: ++UE4+Release-4.21-CL-4613538
LogInit: Engine Version: 4.21.1-4613538+++UE4+Release-4.21
LogInit: Compatible Engine Version: 4.21.0-4541578+++UE4+Release-4.21
LogInit: Net CL: 4541578
LogInit: OS: Windows 10 (), CPU: Intel(R) Core(TM) i7-7700HQ CPU @ 2.80GHz, GPU: Intel(R) HD Graphics 630
LogInit: Compiled (64-bit): Nov 30 2018 04:13:25
LogInit: Compiled with Visual C++: 19.13.26129.00
LogInit: Build Configuration: Development
LogInit: Branch Name: ++UE4+Release-4.21
LogInit: Command Line: 
LogInit: Base Directory: D:/Engines/Unreal/UE_4.21/Engine/Binaries/Win64/
LogInit: Installed Engine Build: 1
LogDevObjectVersion: Number of dev versions registered: 22
LogDevObjectVersion:   Dev-Blueprints (B0D832E4-1F89-4F0D-ACCF-7EB736FD4AA2): 10
LogDevObjectVersion:   Dev-Build (E1C64328-A22C-4D53-A36C-8E866417BD8C): 0
LogDevObjectVersion:   Dev-Core (375EC13C-06E4-48FB-B500-84F0262A717E): 2
LogDevObjectVersion:   Dev-Editor (E4B068ED-F494-42E9-A231-DA0B2E46BB41): 26
LogDevObjectVersion:   Dev-Framework (CFFC743F-43B0-4480-9391-14DF171D2073): 34
LogDevObjectVersion:   Dev-Mobile (B02B49B5-BB20-44E9-A304-32B752E40360): 2
LogDevObjectVersion:   Dev-Networking (A4E4105C-59A1-49B5-A7C5-40C4547EDFEE): 0
LogDevObjectVersion:   Dev-Online (39C831C9-5AE6-47DC-9A44-9C173E1C8E7C): 0
LogDevObjectVersion:   Dev-Physics (78F01B33-EBEA-4F98-B9B4-84EACCB95AA2): 0
LogDevObjectVersion:   Dev-Platform (6631380F-2D4D-43E0-8009-CF276956A95A): 0
LogDevObjectVersion:   Dev-Rendering (12F88B9F-8875-4AFC-A67C-D90C383ABD29): 27
LogDevObjectVersion:   Dev-Sequencer (7B5AE74C-D270-4C10-A958-57980B212A5A): 9
LogDevObjectVersion:   Dev-VR (D7296918-1DD6-4BDD-9DE2-64A83CC13884): 2
LogDevObjectVersion:   Dev-LoadTimes (C2A15278-BFE7-4AFE-6C17-90FF531DF755): 1
LogDevObjectVersion:   Private-Geometry (6EACA3D4-40EC-4CC1-B786-8BED09428FC5): 3
LogDevObjectVersion:   Dev-AnimPhys (29E575DD-E0A3-4627-9D10-D276232CDCEA): 17
LogDevObjectVersion:   Dev-Anim (AF43A65D-7FD3-4947-9873-3E8ED9C1BB05): 2
LogDevObjectVersion:   Dev-ReflectionCapture (6B266CEC-1EC7-4B8F-A30B-E4D90942FC07): 1
LogDevObjectVersion:   Dev-Automation (0DF73D61-A23F-47EA-B727-89E90C41499A): 1
LogDevObjectVersion:   FortniteMain (601D1886-AC64-4F84-AA16-D3DE0DEAC7D6): 17
LogDevObjectVersion:   Dev-Enterprise (9DFFBCD6-494F-0158-E221-12823C92A888): 4
LogDevObjectVersion:   Dev-Niagara (F2AED0AC-9AFE-416F-8664-AA7FFA26D6FC): 1
LogStreaming: Display: Took  0.000s to delete old logs.
LogInit: Presizing for max 8388607 objects, including 0 objects not considered by GC, pre-allocating 0 bytes for permanent pool.
LogInit: Object subsystem initialized
LogConfig: Setting CVar [[con.DebugEarlyDefault:1]]
LogConfig: Setting CVar [[r.setres:1280x720]]
[2019.01.16-18.01.11:581][  0]LogConfig: Setting CVar [[r.VSync:0]]
[2019.01.16-18.01.11:581][  0]LogConfig: Setting CVar [[r.RHICmdBypass:0]]
[2019.01.16-18.01.11:581][  0]LogConfig: Applying CVar settings from Section [/Script/Engine.RendererSettings] File [D:/By_Me/Projects/IntercoSeason2/GameJamS2/Project/Saved/Config/Windows/Engine.ini]
[2019.01.16-18.01.11:581][  0]LogConfig: Setting CVar [[r.GPUCrashDebugging:0]]
[2019.01.16-18.01.11:581][  0]LogConfig: Applying CVar settings from Section [/Script/Engine.RendererOverrideSettings] File [D:/By_Me/Projects/IntercoSeason2/GameJamS2/Project/Saved/Config/Windows/Engine.ini]
[2019.01.16-18.01.11:581][  0]LogConfig: Applying CVar settings from Section [/Script/Engine.StreamingSettings] File [D:/By_Me/Projects/IntercoSeason2/GameJamS2/Project/Saved/Config/Windows/Engine.ini]
[2019.01.16-18.01.11:581][  0]LogConfig: Setting CVar [[s.MinBulkDataSizeForAsyncLoading:131072]]
[2019.01.16-18.01.11:581][  0]LogConfig: Setting CVar [[s.AsyncLoadingThreadEnabled:0]]
[2019.01.16-18.01.11:581][  0]LogConfig: Setting CVar [[s.EventDrivenLoaderEnabled:1]]
[2019.01.16-18.01.11:581][  0]LogConfig: Setting CVar [[s.WarnIfTimeLimitExceeded:0]]
[2019.01.16-18.01.11:581][  0]LogConfig: Setting CVar [[s.TimeLimitExceededMultiplier:1.5]]
[2019.01.16-18.01.11:581][  0]LogConfig: Setting CVar [[s.TimeLimitExceededMinTime:0.005]]
[2019.01.16-18.01.11:581][  0]LogConfig: Setting CVar [[s.UseBackgroundLevelStreaming:1]]
[2019.01.16-18.01.11:581][  0]LogConfig: Setting CVar [[s.PriorityAsyncLoadingExtraTime:15.0]]
[2019.01.16-18.01.11:581][  0]LogConfig: Setting CVar [[s.LevelStreamingActorsUpdateTimeLimit:5.0]]
[2019.01.16-18.01.11:581][  0]LogConfig: Setting CVar [[s.PriorityLevelStreamingActorsUpdateExtraTime:5.0]]
[2019.01.16-18.01.11:581][  0]LogConfig: Setting CVar [[s.LevelStreamingComponentsRegistrationGranularity:10]]
[2019.01.16-18.01.11:582][  0]LogConfig: Setting CVar [[s.UnregisterComponentsTimeLimit:1.0]]
[2019.01.16-18.01.11:582][  0]LogConfig: Setting CVar [[s.LevelStreamingComponentsUnregistrationGranularity:5]]
[2019.01.16-18.01.11:582][  0]LogConfig: Applying CVar settings from Section [/Script/Engine.GarbageCollectionSettings] File [D:/By_Me/Projects/IntercoSeason2/GameJamS2/Project/Saved/Config/Windows/Engine.ini]
[2019.01.16-18.01.11:582][  0]LogConfig: Setting CVar [[gc.MaxObjectsNotConsideredByGC:1]]
[2019.01.16-18.01.11:582][  0]LogConfig: Setting CVar [[gc.SizeOfPermanentObjectPool:0]]
[2019.01.16-18.01.11:582][  0]LogConfig: Setting CVar [[gc.FlushStreamingOnGC:0]]
[2019.01.16-18.01.11:582][  0]LogConfig: Setting CVar [[gc.NumRetriesBeforeForcingGC:10]]
[2019.01.16-18.01.11:582][  0]LogConfig: Setting CVar [[gc.AllowParallelGC:1]]
[2019.01.16-18.01.11:582][  0]LogConfig: Setting CVar [[gc.TimeBetweenPurgingPendingKillObjects:61.1]]
[2019.01.16-18.01.11:582][  0]LogConfig: Setting CVar [[gc.MaxObjectsInEditor:8388607]]
[2019.01.16-18.01.11:582][  0]LogConfig: Setting CVar [[gc.IncrementalBeginDestroyEnabled:1]]
[2019.01.16-18.01.11:582][  0]LogConfig: Setting CVar [[gc.CreateGCClusters:1]]
[2019.01.16-18.01.11:582][  0]LogConfig: Setting CVar [[gc.MergeGCClusters:0]]
[2019.01.16-18.01.11:582][  0]LogConfig: Setting CVar [[gc.MinGCClusterSize:5]]
[2019.01.16-18.01.11:582][  0]LogConfig: Setting CVar [[gc.ActorClusteringEnabled:0]]
[2019.01.16-18.01.11:582][  0]LogConfig: Setting CVar [[gc.BlueprintClusteringEnabled:0]]
[2019.01.16-18.01.11:582][  0]LogConfig: Setting CVar [[gc.UseDisregardForGCOnDedicatedServers:0]]
[2019.01.16-18.01.11:582][  0]LogConfig: Applying CVar settings from Section [/Script/Engine.NetworkSettings] File [D:/By_Me/Projects/IntercoSeason2/GameJamS2/Project/Saved/Config/Windows/Engine.ini]
[2019.01.16-18.01.11:582][  0]LogConfig: Applying CVar settings from Section [/Script/UnrealEd.CookerSettings] File [D:/By_Me/Projects/IntercoSeason2/GameJamS2/Project/Saved/Config/Windows/Engine.ini]
[2019.01.16-18.01.11:584][  0]LogConfig: Applying CVar settings from Section [ViewDistanceQuality@3] File [D:/By_Me/Projects/IntercoSeason2/GameJamS2/Project/Saved/Config/Windows/Scalability.ini]
[2019.01.16-18.01.11:584][  0]LogConfig: Setting CVar [[r.SkeletalMeshLODBias:0]]
[2019.01.16-18.01.11:584][  0]LogConfig: Setting CVar [[r.ViewDistanceScale:1.0]]
[2019.01.16-18.01.11:584][  0]LogConfig: Applying CVar settings from Section [AntiAliasingQuality@3] File [D:/By_Me/Projects/IntercoSeason2/GameJamS2/Project/Saved/Config/Windows/Scalability.ini]
[2019.01.16-18.01.11:584][  0]LogConfig: Setting CVar [[r.PostProcessAAQuality:4]]
[2019.01.16-18.01.11:584][  0]LogConfig: Applying CVar settings from Section [ShadowQuality@3] File [D:/By_Me/Projects/IntercoSeason2/GameJamS2/Project/Saved/Config/Windows/Scalability.ini]
[2019.01.16-18.01.11:584][  0]LogConfig: Setting CVar [[r.LightFunctionQuality:1]]
[2019.01.16-18.01.11:584][  0]LogConfig: Setting CVar [[r.ShadowQuality:5]]
[2019.01.16-18.01.11:584][  0]LogConfig: Setting CVar [[r.Shadow.CSM.MaxCascades:10]]
[2019.01.16-18.01.11:584][  0]LogConfig: Setting CVar [[r.Shadow.MaxResolution:2048]]
[2019.01.16-18.01.11:584][  0]LogConfig: Setting CVar [[r.Shadow.MaxCSMResolution:2048]]
[2019.01.16-18.01.11:584][  0]LogConfig: Setting CVar [[r.Shadow.RadiusThreshold:0.01]]
[2019.01.16-18.01.11:584][  0]LogConfig: Setting CVar [[r.Shadow.DistanceScale:1.0]]
[2019.01.16-18.01.11:584][  0]LogConfig: Setting CVar [[r.Shadow.CSM.TransitionScale:1.0]]
[2019.01.16-18.01.11:584][  0]LogConfig: Setting CVar [[r.Shadow.PreShadowResolutionFactor:1.0]]
[2019.01.16-18.01.11:584][  0]LogConfig: Setting CVar [[r.DistanceFieldShadowing:1]]
[2019.01.16-18.01.11:584][  0]LogConfig: Setting CVar [[r.DistanceFieldAO:1]]
[2019.01.16-18.01.11:584][  0]LogConfig: Setting CVar [[r.AOQuality:2]]
[2019.01.16-18.01.11:584][  0]LogConfig: Setting CVar [[r.VolumetricFog:1]]
[2019.01.16-18.01.11:584][  0]LogConfig: Setting CVar [[r.VolumetricFog.GridPixelSize:8]]
[2019.01.16-18.01.11:584][  0]LogConfig: Setting CVar [[r.VolumetricFog.GridSizeZ:128]]
[2019.01.16-18.01.11:584][  0]LogConfig: Setting CVar [[r.VolumetricFog.HistoryMissSupersampleCount:4]]
[2019.01.16-18.01.11:584][  0]LogConfig: Setting CVar [[r.LightMaxDrawDistanceScale:1]]
[2019.01.16-18.01.11:584][  0]LogConfig: Setting CVar [[r.CapsuleShadows:1]]
[2019.01.16-18.01.11:584][  0]LogConfig: Applying CVar settings from Section [PostProcessQuality@3] File [D:/By_Me/Projects/IntercoSeason2/GameJamS2/Project/Saved/Config/Windows/Scalability.ini]
[2019.01.16-18.01.11:585][  0]LogConfig: Setting CVar [[r.MotionBlurQuality:4]]
[2019.01.16-18.01.11:585][  0]LogConfig: Setting CVar [[r.AmbientOcclusionMipLevelFactor:0.4]]
[2019.01.16-18.01.11:585][  0]LogConfig: Setting CVar [[r.AmbientOcclusionMaxQuality:100]]
[2019.01.16-18.01.11:585][  0]LogConfig: Setting CVar [[r.AmbientOcclusionLevels:-1]]
[2019.01.16-18.01.11:585][  0]LogConfig: Setting CVar [[r.AmbientOcclusionRadiusScale:1.0]]
[2019.01.16-18.01.11:585][  0]LogConfig: Setting CVar [[r.DepthOfFieldQuality:2]]
[2019.01.16-18.01.11:585][  0]LogConfig: Setting CVar [[r.RenderTargetPoolMin:400]]
[2019.01.16-18.01.11:585][  0]LogConfig: Setting CVar [[r.LensFlareQuality:2]]
[2019.01.16-18.01.11:585][  0]LogConfig: Setting CVar [[r.SceneColorFringeQuality:1]]
[2019.01.16-18.01.11:585][  0]LogConfig: Setting CVar [[r.EyeAdaptationQuality:2]]
[2019.01.16-18.01.11:585][  0]LogConfig: Setting CVar [[r.BloomQuality:5]]
[2019.01.16-18.01.11:585][  0]LogConfig: Setting CVar [[r.FastBlurThreshold:100]]
[2019.01.16-18.01.11:585][  0]LogConfig: Setting CVar [[r.Upscale.Quality:3]]
[2019.01.16-18.01.11:585][  0]LogConfig: Setting CVar [[r.Tonemapper.GrainQuantization:1]]
[2019.01.16-18.01.11:585][  0]LogConfig: Setting CVar [[r.LightShaftQuality:1]]
[2019.01.16-18.01.11:585][  0]LogConfig: Setting CVar [[r.Filter.SizeScale:1]]
[2019.01.16-18.01.11:585][  0]LogConfig: Setting CVar [[r.Tonemapper.Quality:5]]
[2019.01.16-18.01.11:585][  0]LogConfig: Setting CVar [[r.DOF.Gather.AccumulatorQuality:1        ; higher gathering accumulator quality]]
[2019.01.16-18.01.11:585][  0]LogConfig: Setting CVar [[r.DOF.Gather.PostfilterMethod:1          ; Median3x3 postfilering method]]
[2019.01.16-18.01.11:585][  0]LogConfig: Setting CVar [[r.DOF.Gather.EnableBokehSettings:0       ; no bokeh simulation when gathering]]
[2019.01.16-18.01.11:585][  0]LogConfig: Setting CVar [[r.DOF.Gather.RingCount:4                 ; medium number of samples when gathering]]
[2019.01.16-18.01.11:585][  0]LogConfig: Setting CVar [[r.DOF.Scatter.ForegroundCompositing:1    ; additive foreground scattering]]
[2019.01.16-18.01.11:585][  0]LogConfig: Setting CVar [[r.DOF.Scatter.BackgroundCompositing:2    ; additive background scattering]]
[2019.01.16-18.01.11:585][  0]LogConfig: Setting CVar [[r.DOF.Scatter.EnableBokehSettings:1      ; bokeh simulation when scattering]]
[2019.01.16-18.01.11:585][  0]LogConfig: Setting CVar [[r.DOF.Scatter.MaxSpriteRatio:0.1         ; only a maximum of 10% of scattered bokeh]]
[2019.01.16-18.01.11:585][  0]LogConfig: Setting CVar [[r.DOF.Recombine.Quality:1                ; cheap slight out of focus]]
[2019.01.16-18.01.11:585][  0]LogConfig: Setting CVar [[r.DOF.Recombine.EnableBokehSettings:0    ; no bokeh simulation on slight out of focus]]
[2019.01.16-18.01.11:585][  0]LogConfig: Setting CVar [[r.DOF.TemporalAAQuality:1                ; more stable temporal accumulation]]
[2019.01.16-18.01.11:585][  0]LogConfig: Setting CVar [[r.DOF.Kernel.MaxForegroundRadius:0.025]]
[2019.01.16-18.01.11:585][  0]LogConfig: Setting CVar [[r.DOF.Kernel.MaxBackgroundRadius:0.025]]
[2019.01.16-18.01.11:585][  0]LogConfig: Applying CVar settings from Section [TextureQuality@3] File [D:/By_Me/Projects/IntercoSeason2/GameJamS2/Project/Saved/Config/Windows/Scalability.ini]
[2019.01.16-18.01.11:585][  0]LogConfig: Setting CVar [[r.Streaming.MipBias:0]]
[2019.01.16-18.01.11:585][  0]LogConfig: Setting CVar [[r.Streaming.AmortizeCPUToGPUCopy:0]]
[2019.01.16-18.01.11:585][  0]LogConfig: Setting CVar [[r.Streaming.MaxNumTexturesToStreamPerFrame:0]]
[2019.01.16-18.01.11:585][  0]LogConfig: Setting CVar [[r.Streaming.Boost:1]]
[2019.01.16-18.01.11:585][  0]LogConfig: Setting CVar [[r.MaxAnisotropy:8]]
[2019.01.16-18.01.11:585][  0]LogConfig: Setting CVar [[r.Streaming.LimitPoolSizeToVRAM:0]]
[2019.01.16-18.01.11:585][  0]LogConfig: Setting CVar [[r.Streaming.PoolSize:1000]]
[2019.01.16-18.01.11:585][  0]LogConfig: Setting CVar [[r.Streaming.MaxEffectiveScreenSize:0]]
[2019.01.16-18.01.11:585][  0]LogConfig: Applying CVar settings from Section [EffectsQuality@3] File [D:/By_Me/Projects/IntercoSeason2/GameJamS2/Project/Saved/Config/Windows/Scalability.ini]
[2019.01.16-18.01.11:585][  0]LogConfig: Setting CVar [[r.TranslucencyLightingVolumeDim:64]]
[2019.01.16-18.01.11:585][  0]LogConfig: Setting CVar [[r.RefractionQuality:2]]
[2019.01.16-18.01.11:585][  0]LogConfig: Setting CVar [[r.SSR.Quality:3]]
[2019.01.16-18.01.11:585][  0]LogConfig: Setting CVar [[r.SceneColorFormat:4]]
[2019.01.16-18.01.11:585][  0]LogConfig: Setting CVar [[r.DetailMode:2]]
[2019.01.16-18.01.11:585][  0]LogConfig: Setting CVar [[r.TranslucencyVolumeBlur:1]]
[2019.01.16-18.01.11:585][  0]LogConfig: Setting CVar [[r.MaterialQualityLevel:1 ; High quality]]
[2019.01.16-18.01.11:585][  0]LogConfig: Setting CVar [[r.SSS.Scale:1]]
[2019.01.16-18.01.11:585][  0]LogConfig: Setting CVar [[r.SSS.SampleSet:2]]
[2019.01.16-18.01.11:585][  0]LogConfig: Setting CVar [[r.SSS.Quality:1]]
[2019.01.16-18.01.11:585][  0]LogConfig: Setting CVar [[r.SSS.HalfRes:1]]
[2019.01.16-18.01.11:585][  0]LogConfig: Setting CVar [[r.EmitterSpawnRateScale:1.0]]
[2019.01.16-18.01.11:585][  0]LogConfig: Setting CVar [[r.ParticleLightQuality:2]]
[2019.01.16-18.01.11:585][  0]LogConfig: Applying CVar settings from Section [FoliageQuality@3] File [D:/By_Me/Projects/IntercoSeason2/GameJamS2/Project/Saved/Config/Windows/Scalability.ini]
[2019.01.16-18.01.11:585][  0]LogConfig: Setting CVar [[foliage.DensityScale:1.0]]
[2019.01.16-18.01.11:585][  0]LogConfig: Setting CVar [[grass.DensityScale:1.0]]
[2019.01.16-18.01.11:585][  0]LogInit: Selected Device Profile: [Windows]
[2019.01.16-18.01.11:585][  0]LogInit: Applying CVar settings loaded from the selected device profile: [Windows]
[2019.01.16-18.01.11:593][  0]LogHAL: Display: Platform has ~ 32 GB [34226597888 / 34359738368 / 32], which maps to Largest [LargestMinGB=32, LargerMinGB=12, DefaultMinGB=8, SmallerMinGB=6, SmallestMinGB=0)
[2019.01.16-18.01.11:593][  0]LogConfig: Setting CVar [[r.Vulkan.UseRealUBs:1]]
[2019.01.16-18.01.11:593][  0]LogInit: Going up to parent DeviceProfile []
[2019.01.16-18.01.11:593][  0]LogConfig: Applying CVar settings from Section [ViewDistanceQuality@3] File [D:/By_Me/Projects/IntercoSeason2/GameJamS2/Project/Saved/Config/Windows/Scalability.ini]
[2019.01.16-18.01.11:593][  0]LogConfig: Setting CVar [[r.SkeletalMeshLODBias:0]]
[2019.01.16-18.01.11:593][  0]LogConfig: Setting CVar [[r.ViewDistanceScale:1.0]]
[2019.01.16-18.01.11:593][  0]LogConfig: Applying CVar settings from Section [AntiAliasingQuality@3] File [D:/By_Me/Projects/IntercoSeason2/GameJamS2/Project/Saved/Config/Windows/Scalability.ini]
[2019.01.16-18.01.11:593][  0]LogConfig: Setting CVar [[r.PostProcessAAQuality:4]]
[2019.01.16-18.01.11:593][  0]LogConfig: Applying CVar settings from Section [ShadowQuality@3] File [D:/By_Me/Projects/IntercoSeason2/GameJamS2/Project/Saved/Config/Windows/Scalability.ini]
[2019.01.16-18.01.11:593][  0]LogConfig: Setting CVar [[r.LightFunctionQuality:1]]
[2019.01.16-18.01.11:594][  0]LogConfig: Setting CVar [[r.ShadowQuality:5]]
[2019.01.16-18.01.11:594][  0]LogConfig: Setting CVar [[r.Shadow.CSM.MaxCascades:10]]
[2019.01.16-18.01.11:594][  0]LogConfig: Setting CVar [[r.Shadow.MaxResolution:2048]]
[2019.01.16-18.01.11:594][  0]LogConfig: Setting CVar [[r.Shadow.MaxCSMResolution:2048]]
[2019.01.16-18.01.11:594][  0]LogConfig: Setting CVar [[r.Shadow.RadiusThreshold:0.01]]
[2019.01.16-18.01.11:594][  0]LogConfig: Setting CVar [[r.Shadow.DistanceScale:1.0]]
[2019.01.16-18.01.11:594][  0]LogConfig: Setting CVar [[r.Shadow.CSM.TransitionScale:1.0]]
[2019.01.16-18.01.11:594][  0]LogConfig: Setting CVar [[r.Shadow.PreShadowResolutionFactor:1.0]]
[2019.01.16-18.01.11:594][  0]LogConfig: Setting CVar [[r.DistanceFieldShadowing:1]]
[2019.01.16-18.01.11:594][  0]LogConfig: Setting CVar [[r.DistanceFieldAO:1]]
[2019.01.16-18.01.11:594][  0]LogConfig: Setting CVar [[r.AOQuality:2]]
[2019.01.16-18.01.11:594][  0]LogConfig: Setting CVar [[r.VolumetricFog:1]]
[2019.01.16-18.01.11:594][  0]LogConfig: Setting CVar [[r.VolumetricFog.GridPixelSize:8]]
[2019.01.16-18.01.11:594][  0]LogConfig: Setting CVar [[r.VolumetricFog.GridSizeZ:128]]
[2019.01.16-18.01.11:594][  0]LogConfig: Setting CVar [[r.VolumetricFog.HistoryMissSupersampleCount:4]]
[2019.01.16-18.01.11:594][  0]LogConfig: Setting CVar [[r.LightMaxDrawDistanceScale:1]]
[2019.01.16-18.01.11:594][  0]LogConfig: Setting CVar [[r.CapsuleShadows:1]]
[2019.01.16-18.01.11:594][  0]LogConfig: Applying CVar settings from Section [PostProcessQuality@3] File [D:/By_Me/Projects/IntercoSeason2/GameJamS2/Project/Saved/Config/Windows/Scalability.ini]
[2019.01.16-18.01.11:594][  0]LogConfig: Setting CVar [[r.MotionBlurQuality:4]]
[2019.01.16-18.01.11:594][  0]LogConfig: Setting CVar [[r.AmbientOcclusionMipLevelFactor:0.4]]
[2019.01.16-18.01.11:594][  0]LogConfig: Setting CVar [[r.AmbientOcclusionMaxQuality:100]]
[2019.01.16-18.01.11:594][  0]LogConfig: Setting CVar [[r.AmbientOcclusionLevels:-1]]
[2019.01.16-18.01.11:594][  0]LogConfig: Setting CVar [[r.AmbientOcclusionRadiusScale:1.0]]
[2019.01.16-18.01.11:594][  0]LogConfig: Setting CVar [[r.DepthOfFieldQuality:2]]
[2019.01.16-18.01.11:594][  0]LogConfig: Setting CVar [[r.RenderTargetPoolMin:400]]
[2019.01.16-18.01.11:594][  0]LogConfig: Setting CVar [[r.LensFlareQuality:2]]
[2019.01.16-18.01.11:594][  0]LogConfig: Setting CVar [[r.SceneColorFringeQuality:1]]
[2019.01.16-18.01.11:594][  0]LogConfig: Setting CVar [[r.EyeAdaptationQuality:2]]
[2019.01.16-18.01.11:594][  0]LogConfig: Setting CVar [[r.BloomQuality:5]]
[2019.01.16-18.01.11:594][  0]LogConfig: Setting CVar [[r.FastBlurThreshold:100]]
[2019.01.16-18.01.11:594][  0]LogConfig: Setting CVar [[r.Upscale.Quality:3]]
[2019.01.16-18.01.11:594][  0]LogConfig: Setting CVar [[r.Tonemapper.GrainQuantization:1]]
[2019.01.16-18.01.11:594][  0]LogConfig: Setting CVar [[r.LightShaftQuality:1]]
[2019.01.16-18.01.11:594][  0]LogConfig: Setting CVar [[r.Filter.SizeScale:1]]
[2019.01.16-18.01.11:594][  0]LogConfig: Setting CVar [[r.Tonemapper.Quality:5]]
[2019.01.16-18.01.11:594][  0]LogConfig: Setting CVar [[r.DOF.Gather.AccumulatorQuality:1        ; higher gathering accumulator quality]]
[2019.01.16-18.01.11:594][  0]LogConfig: Setting CVar [[r.DOF.Gather.PostfilterMethod:1          ; Median3x3 postfilering method]]
[2019.01.16-18.01.11:594][  0]LogConfig: Setting CVar [[r.DOF.Gather.EnableBokehSettings:0       ; no bokeh simulation when gathering]]
[2019.01.16-18.01.11:594][  0]LogConfig: Setting CVar [[r.DOF.Gather.RingCount:4                 ; medium number of samples when gathering]]
[2019.01.16-18.01.11:594][  0]LogConfig: Setting CVar [[r.DOF.Scatter.ForegroundCompositing:1    ; additive foreground scattering]]
[2019.01.16-18.01.11:594][  0]LogConfig: Setting CVar [[r.DOF.Scatter.BackgroundCompositing:2    ; additive background scattering]]
[2019.01.16-18.01.11:594][  0]LogConfig: Setting CVar [[r.DOF.Scatter.EnableBokehSettings:1      ; bokeh simulation when scattering]]
[2019.01.16-18.01.11:594][  0]LogConfig: Setting CVar [[r.DOF.Scatter.MaxSpriteRatio:0.1         ; only a maximum of 10% of scattered bokeh]]
[2019.01.16-18.01.11:594][  0]LogConfig: Setting CVar [[r.DOF.Recombine.Quality:1                ; cheap slight out of focus]]
[2019.01.16-18.01.11:594][  0]LogConfig: Setting CVar [[r.DOF.Recombine.EnableBokehSettings:0    ; no bokeh simulation on slight out of focus]]
[2019.01.16-18.01.11:594][  0]LogConfig: Setting CVar [[r.DOF.TemporalAAQuality:1                ; more stable temporal accumulation]]
[2019.01.16-18.01.11:594][  0]LogConfig: Setting CVar [[r.DOF.Kernel.MaxForegroundRadius:0.025]]
[2019.01.16-18.01.11:594][  0]LogConfig: Setting CVar [[r.DOF.Kernel.MaxBackgroundRadius:0.025]]
[2019.01.16-18.01.11:594][  0]LogConfig: Applying CVar settings from Section [TextureQuality@3] File [D:/By_Me/Projects/IntercoSeason2/GameJamS2/Project/Saved/Config/Windows/Scalability.ini]
[2019.01.16-18.01.11:594][  0]LogConfig: Setting CVar [[r.Streaming.MipBias:0]]
[2019.01.16-18.01.11:594][  0]LogConfig: Setting CVar [[r.Streaming.AmortizeCPUToGPUCopy:0]]
[2019.01.16-18.01.11:594][  0]LogConfig: Setting CVar [[r.Streaming.MaxNumTexturesToStreamPerFrame:0]]
[2019.01.16-18.01.11:594][  0]LogConfig: Setting CVar [[r.Streaming.Boost:1]]
[2019.01.16-18.01.11:594][  0]LogConfig: Setting CVar [[r.MaxAnisotropy:8]]
[2019.01.16-18.01.11:594][  0]LogConfig: Setting CVar [[r.Streaming.LimitPoolSizeToVRAM:0]]
[2019.01.16-18.01.11:594][  0]LogConfig: Setting CVar [[r.Streaming.PoolSize:1000]]
[2019.01.16-18.01.11:594][  0]LogConfig: Setting CVar [[r.Streaming.MaxEffectiveScreenSize:0]]
[2019.01.16-18.01.11:594][  0]LogConfig: Applying CVar settings from Section [EffectsQuality@3] File [D:/By_Me/Projects/IntercoSeason2/GameJamS2/Project/Saved/Config/Windows/Scalability.ini]
[2019.01.16-18.01.11:594][  0]LogConfig: Setting CVar [[r.TranslucencyLightingVolumeDim:64]]
[2019.01.16-18.01.11:594][  0]LogConfig: Setting CVar [[r.RefractionQuality:2]]
[2019.01.16-18.01.11:594][  0]LogConfig: Setting CVar [[r.SSR.Quality:3]]
[2019.01.16-18.01.11:594][  0]LogConfig: Setting CVar [[r.SceneColorFormat:4]]
[2019.01.16-18.01.11:594][  0]LogConfig: Setting CVar [[r.DetailMode:2]]
[2019.01.16-18.01.11:594][  0]LogConfig: Setting CVar [[r.TranslucencyVolumeBlur:1]]
[2019.01.16-18.01.11:594][  0]LogConfig: Setting CVar [[r.MaterialQualityLevel:1 ; High quality]]
[2019.01.16-18.01.11:594][  0]LogConfig: Setting CVar [[r.SSS.Scale:1]]
[2019.01.16-18.01.11:594][  0]LogConfig: Setting CVar [[r.SSS.SampleSet:2]]
[2019.01.16-18.01.11:594][  0]LogConfig: Setting CVar [[r.SSS.Quality:1]]
[2019.01.16-18.01.11:594][  0]LogConfig: Setting CVar [[r.SSS.HalfRes:1]]
[2019.01.16-18.01.11:594][  0]LogConfig: Setting CVar [[r.EmitterSpawnRateScale:1.0]]
[2019.01.16-18.01.11:594][  0]LogConfig: Setting CVar [[r.ParticleLightQuality:2]]
[2019.01.16-18.01.11:594][  0]LogConfig: Applying CVar settings from Section [FoliageQuality@3] File [D:/By_Me/Projects/IntercoSeason2/GameJamS2/Project/Saved/Config/Windows/Scalability.ini]
[2019.01.16-18.01.11:594][  0]LogConfig: Setting CVar [[foliage.DensityScale:1.0]]
[2019.01.16-18.01.11:594][  0]LogConfig: Setting CVar [[grass.DensityScale:1.0]]
[2019.01.16-18.01.11:594][  0]LogConfig: Applying CVar settings from Section [Startup] File [../../../Engine/Config/ConsoleVariables.ini]
[2019.01.16-18.01.11:595][  0]LogConfig: Setting CVar [[net.UseAdaptiveNetUpdateFrequency:0]]
[2019.01.16-18.01.11:595][  0]LogConfig: Applying CVar settings from Section [ConsoleVariables] File [D:/By_Me/Projects/IntercoSeason2/GameJamS2/Project/Saved/Config/Windows/Engine.ini]
[2019.01.16-18.01.11:595][  0]LogInit: Computer: DESKTOP-MGB6515
[2019.01.16-18.01.11:595][  0]LogInit: User: johna
[2019.01.16-18.01.11:595][  0]LogInit: CPU Page size=4096, Cores=4
[2019.01.16-18.01.11:595][  0]LogInit: High frequency timer resolution =2.742186 MHz
[2019.01.16-18.01.11:595][  0]LogMemory: Memory total: Physical=31.9GB (32GB approx)
[2019.01.16-18.01.11:595][  0]LogMemory: Platform Memory Stats for Windows
[2019.01.16-18.01.11:595][  0]LogMemory: Process Physical Memory: 102.40 MB used, 102.40 MB peak
[2019.01.16-18.01.11:595][  0]LogMemory: Process Virtual Memory: 89.84 MB used, 89.84 MB peak
[2019.01.16-18.01.11:595][  0]LogMemory: Physical Memory: 8256.54 MB used,  24384.49 MB free, 32641.03 MB total
[2019.01.16-18.01.11:595][  0]LogMemory: Virtual Memory: 4651.12 MB used,  134213080.00 MB free, 134217728.00 MB total
[2019.01.16-18.01.12:662][  0]LogInit: Using OS detected language (en-US).
[2019.01.16-18.01.12:662][  0]LogInit: Using OS detected locale (en-CA).
[2019.01.16-18.01.12:663][  0]LogTextLocalizationManager: No specific localization for 'en-US' exists, so the 'en' localization will be used.
[2019.01.16-18.01.13:027][  0]LogStreaming: Display: Took  0.365s to InitEngineTextLocalization.
[2019.01.16-18.01.13:028][  0]LogInit: Setting process to per monitor DPI aware
[2019.01.16-18.01.13:065][  0]LogSlate: New Slate User Created.  User Index 0, Is Virtual User: 0
[2019.01.16-18.01.13:065][  0]LogSlate: Slate User Registered.  User Index 0, Is Virtual User: 0
[2019.01.16-18.01.13:277][  0]LogHMD: Failed to initialize OpenVR with code 110
[2019.01.16-18.01.13:277][  0]LogD3D11RHI: D3D11 adapters:
[2019.01.16-18.01.13:345][  0]LogD3D11RHI:    0. 'NVIDIA GeForce GTX 1070' (Feature Level 11_0)
[2019.01.16-18.01.13:346][  0]LogD3D11RHI:       8089/0/16320 MB DedicatedVideo/DedicatedSystem/SharedSystem, Outputs:1, VendorId:0x10de
[2019.01.16-18.01.13:356][  0]LogD3D11RHI:    1. 'Intel(R) HD Graphics 630' (Feature Level 11_0)
[2019.01.16-18.01.13:356][  0]LogD3D11RHI:       128/0/16320 MB DedicatedVideo/DedicatedSystem/SharedSystem, Outputs:0, VendorId:0x8086
[2019.01.16-18.01.13:358][  0]LogD3D11RHI:    2. 'Microsoft Basic Render Driver' (Feature Level 11_0)
[2019.01.16-18.01.13:358][  0]LogD3D11RHI:       0/0/16320 MB DedicatedVideo/DedicatedSystem/SharedSystem, Outputs:0, VendorId:0x1414
[2019.01.16-18.01.13:358][  0]LogD3D11RHI: Chosen D3D11 Adapter: 0
[2019.01.16-18.01.13:392][  0]LogD3D11RHI: Creating new Direct3DDevice
[2019.01.16-18.01.13:392][  0]LogD3D11RHI:     GPU DeviceId: 0x1ba1 (for the marketing name, search the web for "GPU Device Id")
[2019.01.16-18.01.13:392][  0]LogWindows: EnumDisplayDevices:
[2019.01.16-18.01.13:392][  0]LogWindows:    0. 'Intel(R) HD Graphics 630' (P:1 D:1)
[2019.01.16-18.01.13:392][  0]LogWindows:    1. 'Intel(R) HD Graphics 630' (P:0 D:0)
[2019.01.16-18.01.13:392][  0]LogWindows:    2. 'Intel(R) HD Graphics 630' (P:0 D:0)
[2019.01.16-18.01.13:393][  0]LogWindows:    3. 'NVIDIA GeForce GTX 1070' (P:0 D:0)
[2019.01.16-18.01.13:393][  0]LogWindows:    4. 'NVIDIA GeForce GTX 1070' (P:0 D:0)
[2019.01.16-18.01.13:393][  0]LogWindows:    5. 'NVIDIA GeForce GTX 1070' (P:0 D:0)
[2019.01.16-18.01.13:394][  0]LogWindows:    6. 'NVIDIA GeForce GTX 1070' (P:0 D:0)
[2019.01.16-18.01.13:394][  0]LogWindows: DebugString: PrimaryIsNotTheChoosenAdapter PrimaryIsNotTheChoosenAdapter PrimaryIsNotTheChoosenAdapter FoundDriverCount:4 
[2019.01.16-18.01.13:394][  0]LogD3D11RHI:     Adapter Name: NVIDIA GeForce GTX 1070
[2019.01.16-18.01.13:394][  0]LogD3D11RHI:   Driver Version: 389.12 (internal:23.21.13.8912, unified:389.12)
[2019.01.16-18.01.13:394][  0]LogD3D11RHI:      Driver Date: 3-7-2018
[2019.01.16-18.01.13:394][  0]LogRHI: Texture pool is 5662 MB (70% of 8089 MB)
[2019.01.16-18.01.13:428][  0]LogD3D11RHI: Async texture creation enabled
[2019.01.16-18.01.13:867][  0]LogD3D11RHI: GPU Timing Frequency: 1000.000000 (Debug: 2 1)
[2019.01.16-18.01.14:166][  0]LogTemp: Display: Loaded TP AllDesktopTargetPlatform
[2019.01.16-18.01.14:178][  0]LogTemp: Display: Loaded TP MacClientTargetPlatform
[2019.01.16-18.01.14:189][  0]LogTemp: Display: Loaded TP MacNoEditorTargetPlatform
[2019.01.16-18.01.14:200][  0]LogTemp: Display: Loaded TP MacServerTargetPlatform
[2019.01.16-18.01.14:212][  0]LogTemp: Display: Loaded TP MacTargetPlatform
[2019.01.16-18.01.14:223][  0]LogTemp: Display: Loaded TP WindowsClientTargetPlatform
[2019.01.16-18.01.14:234][  0]LogTemp: Display: Loaded TP WindowsNoEditorTargetPlatform
[2019.01.16-18.01.14:245][  0]LogTemp: Display: Loaded TP WindowsServerTargetPlatform
[2019.01.16-18.01.14:251][  0]LogTemp: Display: Loaded TP WindowsTargetPlatform
[2019.01.16-18.01.14:317][  0]LogTemp: Display: Loaded TP AndroidTargetPlatform
[2019.01.16-18.01.14:317][  0]LogTemp: Display: Loaded TP AndroidTargetPlatform
[2019.01.16-18.01.14:317][  0]LogTemp: Display: Loaded TP AndroidTargetPlatform
[2019.01.16-18.01.14:317][  0]LogTemp: Display: Loaded TP AndroidTargetPlatform
[2019.01.16-18.01.14:317][  0]LogTemp: Display: Loaded TP AndroidTargetPlatform
[2019.01.16-18.01.14:317][  0]LogTemp: Display: Loaded TP AndroidTargetPlatform
[2019.01.16-18.01.14:317][  0]LogTemp: Display: Loaded TP AndroidTargetPlatform
[2019.01.16-18.01.14:317][  0]LogTemp: Display: Loaded TP AndroidTargetPlatform
[2019.01.16-18.01.14:317][  0]LogTemp: Display: Loaded TP AndroidTargetPlatform
[2019.01.16-18.01.14:317][  0]LogTemp: Display: Loaded TP AndroidTargetPlatform
[2019.01.16-18.01.14:317][  0]LogTemp: Display: Loaded TP AndroidTargetPlatform
[2019.01.16-18.01.14:317][  0]LogTemp: Display: Loaded TP AndroidTargetPlatform
[2019.01.16-18.01.14:317][  0]LogTemp: Display: Loaded TP AndroidTargetPlatform
[2019.01.16-18.01.14:317][  0]LogTemp: Display: Loaded TP AndroidTargetPlatform
[2019.01.16-18.01.14:317][  0]LogTemp: Display: Loaded TP AndroidTargetPlatform
[2019.01.16-18.01.14:317][  0]LogTemp: Display: Loaded TP AndroidTargetPlatform
[2019.01.16-18.01.14:317][  0]LogTemp: Display: Loaded TP AndroidTargetPlatform
[2019.01.16-18.01.14:317][  0]LogTemp: Display: Loaded TP AndroidTargetPlatform
[2019.01.16-18.01.14:318][  0]LogTemp: Display: Loaded TP HTML5TargetPlatform
[2019.01.16-18.01.14:376][  0]LogTemp: Display: Loaded TP IOSTargetPlatform
[2019.01.16-18.01.14:376][  0]LogTemp: Display: Loaded TP IOSTargetPlatform
[2019.01.16-18.01.14:396][  0]LogTemp: Display: Loaded TP TVOSTargetPlatform
[2019.01.16-18.01.14:396][  0]LogTemp: Display: Loaded TP TVOSTargetPlatform
[2019.01.16-18.01.14:409][  0]LogTemp: Display: Loaded TP LinuxClientTargetPlatform
[2019.01.16-18.01.14:419][  0]LogTemp: Display: Loaded TP LinuxNoEditorTargetPlatform
[2019.01.16-18.01.14:431][  0]LogTemp: Display: Loaded TP LinuxServerTargetPlatform
[2019.01.16-18.01.14:443][  0]LogTemp: Display: Loaded TP LinuxTargetPlatform
[2019.01.16-18.01.14:485][  0]LogTemp: Display: Loaded TP LuminTargetPlatform
[2019.01.16-18.01.14:485][  0]LogTemp: Display: Loaded TP LuminTargetPlatform
[2019.01.16-18.01.14:485][  0]LogTargetPlatformManager: Display: Building Assets For Windows
[2019.01.16-18.01.14:524][  0]LogShaderCompilers: Guid format shader working directory is -20 characters bigger than the processId version (../../../../../../By_Me/Projects/IntercoSeason2/GameJamS2/Project/Intermediate/Shaders/WorkingDirectory/14796/).
[2019.01.16-18.01.14:524][  0]LogShaderCompilers: Cleaned the shader compiler working directory 'C:/Users/johna/AppData/Local/Temp/UnrealShaderWorkingDir/12176BCC44DEE26F31B0CC9902F1B921/'.
[2019.01.16-18.01.14:526][  0]LogXGEController: Cleaning working directory: C:/Users/johna/AppData/Local/Temp/UnrealXGEWorkingDir/
[2019.01.16-18.01.14:526][  0]LogXGEController: Cannot use XGE Controller as Incredibuild is not installed on this machine.
[2019.01.16-18.01.14:526][  0]LogShaderCompilers: Cannot use XGE Shader Compiler as Incredibuild is not installed on this machine.
[2019.01.16-18.01.14:526][  0]LogShaderCompilers: Display: Using Local Shader Compiler.
[2019.01.16-18.01.15:046][  0]LogDerivedDataCache: Display: Max Cache Size: 512 MB
[2019.01.16-18.01.15:095][  0]LogDerivedDataCache: Loaded boot cache 0.05s 71MB C:/Users/johna/AppData/Local/UnrealEngine/4.21/DerivedDataCache/Boot.ddc.
[2019.01.16-18.01.15:095][  0]LogDerivedDataCache: Display: Loaded Boot cache: C:/Users/johna/AppData/Local/UnrealEngine/4.21/DerivedDataCache/Boot.ddc
[2019.01.16-18.01.15:095][  0]LogDerivedDataCache: FDerivedDataBackendGraph:  Pak pak cache file ../../../../../../By_Me/Projects/IntercoSeason2/GameJamS2/Project/DerivedDataCache/DDC.ddp not found, will not use a pak cache.
[2019.01.16-18.01.15:095][  0]LogDerivedDataCache: Unable to find inner node Pak for hierarchical cache Hierarchy.
[2019.01.16-18.01.15:095][  0]LogDerivedDataCache: FDerivedDataBackendGraph:  CompressedPak pak cache file ../../../../../../By_Me/Projects/IntercoSeason2/GameJamS2/Project/DerivedDataCache/Compressed.ddp not found, will not use a pak cache.
[2019.01.16-18.01.15:095][  0]LogDerivedDataCache: Unable to find inner node CompressedPak for hierarchical cache Hierarchy.
[2019.01.16-18.01.15:108][  0]LogDerivedDataCache: Display: Pak cache opened for reading ../../../Engine/DerivedDataCache/Compressed.ddp.
[2019.01.16-18.01.15:108][  0]LogDerivedDataCache: FDerivedDataBackendGraph:  EnterprisePak pak cache file ../../../Enterprise/DerivedDataCache/Compressed.ddp not found, will not use a pak cache.
[2019.01.16-18.01.15:108][  0]LogDerivedDataCache: Unable to find inner node EnterprisePak for hierarchical cache Hierarchy.
[2019.01.16-18.01.15:121][  0]LogDerivedDataCache: Using Local data cache path C:/Users/johna/AppData/Local/UnrealEngine/Common/DerivedDataCache: Writable
[2019.01.16-18.01.15:121][  0]LogDerivedDataCache: Shared data cache path not found in *engine.ini, will not use an Shared cache.
[2019.01.16-18.01.15:121][  0]LogDerivedDataCache: Unable to find inner node Shared for hierarchical cache Hierarchy.
[2019.01.16-18.01.15:144][  0]LogMaterial: Verifying Global Shaders for PCD3D_SM5
[2019.01.16-18.01.15:145][  0]LogSlate: Using FreeType 2.6.0
[2019.01.16-18.01.15:146][  0]LogSlate: SlateFontServices - WITH_FREETYPE: 1, WITH_HARFBUZZ: 1
[2019.01.16-18.01.15:233][  0]LogAssetRegistry: FAssetRegistry took 0.0325 seconds to start up
[2019.01.16-18.01.15:532][  0]LogInit: Selected Device Profile: [Windows]
[2019.01.16-18.01.15:673][  0]LogSimplygon: Simplygon DLL not present - disabling.
[2019.01.16-18.01.15:676][  0]LogMeshReduction: Using SimplygonSwarm for distributed automatic mesh merging
[2019.01.16-18.01.15:676][  0]LogMeshReduction: Using ProxyLODMeshReduction for automatic mesh merging
[2019.01.16-18.01.15:676][  0]LogMeshReduction: Using QuadricMeshReduction for automatic static mesh reduction
[2019.01.16-18.01.15:676][  0]LogMeshReduction: No automatic skeletal mesh reduction module available
[2019.01.16-18.01.15:690][  0]LogNetVersion: Project 1.0.0, NetCL: 4541578, EngineNetVer: 5, GameNetVer: 0 (Checksum: 1228489884)
[2019.01.16-18.01.16:217][  0]LogPackageLocalizationCache: Processed 11 localized package path(s) for 2 prioritized culture(s) in 0.093881 seconds
[2019.01.16-18.01.16:222][  0]LogUObjectArray: 39775 objects as part of root set at end of initial load.
[2019.01.16-18.01.16:222][  0]LogUObjectAllocator: 6914664 out of 0 bytes used by permanent object pool.
[2019.01.16-18.01.16:222][  0]LogUObjectArray: CloseDisregardForGC: 0/0 objects in disregard for GC pool
[2019.01.16-18.01.17:061][  0]LogTcpMessaging: Initializing TcpMessaging bridge
[2019.01.16-18.01.17:075][  0]LogUdpMessaging: Initializing bridge on interface 0.0.0.0:0 to multicast group 230.0.0.1:6666.
[2019.01.16-18.01.17:733][  0]SourceControl: Source control is disabled
[2019.01.16-18.01.17:733][  0]SourceControl: Source control is disabled
[2019.01.16-18.01.17:735][  0]SourceControl: Source control is disabled
[2019.01.16-18.01.17:735][  0]SourceControl: Source control is disabled
[2019.01.16-18.01.17:886][  0]LogAndroidPermission: UAndroidPermissionCallbackProxy::GetInstance
[2019.01.16-18.01.17:965][  0]LogOcInput: OculusInput pre-init called
[2019.01.16-18.01.18:096][  0]LogEngine: Initializing Engine...
[2019.01.16-18.01.18:097][  0]LogHMD: Failed to initialize OpenVR with code 110
[2019.01.16-18.01.18:098][  0]LogStats: UGameplayTagsManager::ConstructGameplayTagTree: ImportINI prefixes -  0.000 s
[2019.01.16-18.01.18:098][  0]LogStats: UGameplayTagsManager::ConstructGameplayTagTree: Construct from data asset -  0.000 s
[2019.01.16-18.01.18:098][  0]LogStats: UGameplayTagsManager::ConstructGameplayTagTree: ImportINI -  0.000 s
[2019.01.16-18.01.18:098][  0]LogStats: UGameplayTagsManager::ConstructGameplayTagTree: GameplayTagTreeChangedEvent.Broadcast -  0.000 s
[2019.01.16-18.01.18:325][  0]LogInit: Initializing FReadOnlyCVARCache
[2019.01.16-18.01.18:332][  0]LogAIModule: Creating AISystem for world Untitled
[2019.01.16-18.01.18:407][  0]LogInit: XAudio2 using 'Speakers / Headphones (Realtek Audio)' : 6 channels at 48 kHz using 32 bits per sample (channel mask 0x3f)
[2019.01.16-18.01.18:490][  0]LogInit: FAudioDevice initialized.
[2019.01.16-18.01.18:490][  0]LogNetVersion: Set ProjectVersion to 1.0.0.0. Version Checksum will be recalculated on next use.
[2019.01.16-18.01.18:644][  0]LogDerivedDataCache: Saved boot cache 0.15s 71MB C:/Users/johna/AppData/Local/UnrealEngine/4.21/DerivedDataCache/Boot.ddc.
[2019.01.16-18.01.18:651][  0]LogInit: Texture streaming: Enabled
[2019.01.16-18.01.18:663][  0]LogEngineSessionManager: EngineSessionManager initialized
[2019.01.16-18.01.18:678][  0]LogInit: Transaction tracking system initialized
[2019.01.16-18.01.18:691][  0]BlueprintLog: New page: Editor Load
[2019.01.16-18.01.18:738][  0]LocalizationService: Localization service is disabled
[2019.01.16-18.01.19:445][  0]LogFileCache: Scanning file cache for directory 'D:/By_Me/Projects/IntercoSeason2/GameJamS2/Project/Content/' took 0.01s
[2019.01.16-18.01.19:445][  0]LogCook: Display: Max memory allowance for cook 16384mb min free memory 0mb
[2019.01.16-18.01.19:446][  0]LogCook: Display: Mobile HDR setting 1
[2019.01.16-18.01.19:446][  0]LogGameplayTags: Display: UGameplayTagsManager::DoneAddingNativeTags. DelegateIsBound: 0
[2019.01.16-18.01.19:446][  0]LogStats: UGameplayTagsManager::ConstructGameplayTagTree: ImportINI prefixes -  0.000 s
[2019.01.16-18.01.19:446][  0]LogStats: UGameplayTagsManager::ConstructGameplayTagTree: Construct from data asset -  0.000 s
[2019.01.16-18.01.19:446][  0]LogStats: UGameplayTagsManager::ConstructGameplayTagTree: ImportINI -  0.000 s
[2019.01.16-18.01.19:446][  0]LogStats: UGameplayTagsManager::ConstructGameplayTagTree: GameplayTagTreeChangedEvent.Broadcast -  0.000 s
[2019.01.16-18.01.19:544][  0]SourceControl: Source control is disabled
[2019.01.16-18.01.19:544][  0]Cmd: MAP LOAD FILE="../../../Engine/Content/Maps/Templates/Template_Default.umap" TEMPLATE=1 SHOWPROGRESS=1 FEATURELEVEL=3
[2019.01.16-18.01.19:544][  0]LightingResults: New page: Lighting Build
[2019.01.16-18.01.19:546][  0]MapCheck: New page: Map Check
[2019.01.16-18.01.19:546][  0]LightingResults: New page: Lighting Build
[2019.01.16-18.01.19:702][  0]LogAIModule: Creating AISystem for world Untitled_1
[2019.01.16-18.01.19:710][  0]LogEditorServer: Finished looking for orphan Actors (0.000 secs)
[2019.01.16-18.01.19:732][  0]Cmd: MAP CHECKDEP NOCLEARLOG
[2019.01.16-18.01.19:733][  0]MapCheck: Map check complete: 0 Error(s), 0 Warning(s), took 0.148ms to complete.
[2019.01.16-18.01.19:733][  0]LogFileHelpers: Loading map 'Template_Default' took 0.188
[2019.01.16-18.01.19:834][  0]LogSlate: Updating window title bar state: overlay mode, drag disabled, window buttons hidden, title bar hidden
[2019.01.16-18.01.19:843][  0]LogSlate: Updating window title bar state: overlay mode, drag disabled, window buttons hidden, title bar hidden
[2019.01.16-18.01.19:851][  0]LogSlate: Updating window title bar state: overlay mode, drag disabled, window buttons hidden, title bar hidden
[2019.01.16-18.01.19:858][  0]LogSlate: Updating window title bar state: overlay mode, drag disabled, window buttons hidden, title bar hidden
[2019.01.16-18.01.19:864][  0]LogCollectionManager: Loaded 0 collections in 0.000700 seconds
[2019.01.16-18.01.19:902][  0]LogFileCache: Scanning file cache for directory 'D:/By_Me/Projects/IntercoSeason2/GameJamS2/Project/Saved/Collections/' took 0.01s
[2019.01.16-18.01.19:902][  0]LogFileCache: Scanning file cache for directory 'D:/By_Me/Projects/IntercoSeason2/GameJamS2/Project/Content/Developers/johna/Collections/' took 0.01s
[2019.01.16-18.01.19:902][  0]LogFileCache: Scanning file cache for directory 'D:/By_Me/Projects/IntercoSeason2/GameJamS2/Project/Content/Collections/' took 0.01s
[2019.01.16-18.01.19:902][  0]LogCollectionManager: Rebuilt the GUID cache for 0 collections in 0.000000 seconds
[2019.01.16-18.01.19:911][  0]LogContentBrowser: Native class hierarchy populated in 0.0086 seconds. Added 2651 classes and 620 folders.
[2019.01.16-18.01.19:916][  0]LogContentBrowser: Native class hierarchy updated for 'WidgetCarousel' in 0.0003 seconds. Added 0 classes and 0 folders.
[2019.01.16-18.01.19:918][  0]LogPakFile: Registered encryption key '00000000000000000000000000000000': 0 pak files mounted, 0 remain pending
[2019.01.16-18.01.19:918][  0]LogPakFile: Registered encryption key '00000000000000000000000000000000': 0 pak files mounted, 0 remain pending
[2019.01.16-18.01.19:919][  0]LogPakFile: Registered encryption key '00000000000000000000000000000000': 0 pak files mounted, 0 remain pending
[2019.01.16-18.01.19:919][  0]LogPakFile: Registered encryption key '00000000000000000000000000000000': 0 pak files mounted, 0 remain pending
[2019.01.16-18.01.19:919][  0]LogPakFile: Registered encryption key '00000000000000000000000000000000': 0 pak files mounted, 0 remain pending
[2019.01.16-18.01.19:920][  0]LogPakFile: Registered encryption key '00000000000000000000000000000000': 0 pak files mounted, 0 remain pending
[2019.01.16-18.01.19:920][  0]LogPakFile: Registered encryption key '00000000000000000000000000000000': 0 pak files mounted, 0 remain pending
[2019.01.16-18.01.19:921][  0]LogPakFile: Registered encryption key '00000000000000000000000000000000': 0 pak files mounted, 0 remain pending
[2019.01.16-18.01.19:921][  0]LogPakFile: Registered encryption key '00000000000000000000000000000000': 0 pak files mounted, 0 remain pending
[2019.01.16-18.01.19:921][  0]LogPakFile: Registered encryption key '00000000000000000000000000000000': 0 pak files mounted, 0 remain pending
[2019.01.16-18.01.19:922][  0]LogPakFile: Registered encryption key '00000000000000000000000000000000': 0 pak files mounted, 0 remain pending
[2019.01.16-18.01.19:922][  0]LogPakFile: Registered encryption key '00000000000000000000000000000000': 0 pak files mounted, 0 remain pending
[2019.01.16-18.01.19:923][  0]LogPakFile: Registered encryption key '00000000000000000000000000000000': 0 pak files mounted, 0 remain pending
[2019.01.16-18.01.19:923][  0]LogPakFile: Registered encryption key '00000000000000000000000000000000': 0 pak files mounted, 0 remain pending
[2019.01.16-18.01.19:924][  0]LogPakFile: Registered encryption key '00000000000000000000000000000000': 0 pak files mounted, 0 remain pending
[2019.01.16-18.01.19:924][  0]LogPakFile: Registered encryption key '00000000000000000000000000000000': 0 pak files mounted, 0 remain pending
[2019.01.16-18.01.19:925][  0]LogPakFile: Registered encryption key '00000000000000000000000000000000': 0 pak files mounted, 0 remain pending
[2019.01.16-18.01.19:925][  0]LogPakFile: Registered encryption key '00000000000000000000000000000000': 0 pak files mounted, 0 remain pending
[2019.01.16-18.01.19:925][  0]LogPakFile: Registered encryption key '00000000000000000000000000000000': 0 pak files mounted, 0 remain pending
[2019.01.16-18.01.19:926][  0]LogPakFile: Registered encryption key '00000000000000000000000000000000': 0 pak files mounted, 0 remain pending
[2019.01.16-18.01.19:926][  0]LogPakFile: Registered encryption key '00000000000000000000000000000000': 0 pak files mounted, 0 remain pending
[2019.01.16-18.01.19:927][  0]LogPakFile: Registered encryption key '00000000000000000000000000000000': 0 pak files mounted, 0 remain pending
[2019.01.16-18.01.19:927][  0]LogPakFile: Registered encryption key '00000000000000000000000000000000': 0 pak files mounted, 0 remain pending
[2019.01.16-18.01.19:927][  0]LogPakFile: Registered encryption key '00000000000000000000000000000000': 0 pak files mounted, 0 remain pending
[2019.01.16-18.01.19:928][  0]LogPakFile: Registered encryption key '00000000000000000000000000000000': 0 pak files mounted, 0 remain pending
[2019.01.16-18.01.19:928][  0]LogPakFile: Registered encryption key '00000000000000000000000000000000': 0 pak files mounted, 0 remain pending
[2019.01.16-18.01.19:948][  0]LogContentBrowser: Native class hierarchy updated for 'AddContentDialog' in 0.0002 seconds. Added 0 classes and 0 folders.
[2019.01.16-18.01.19:952][  0]LogContentBrowser: Native class hierarchy updated for 'SceneOutliner' in 0.0003 seconds. Added 1 classes and 2 folders.
[2019.01.16-18.01.20:012][  0]LogSlate: Took 0.000185 seconds to synchronously load lazily loaded font '../../../Engine/Content/Slate/Fonts/Roboto-Regular.ttf' (155K)
[2019.01.16-18.01.20:014][  0]LogSlate: Took 0.000214 seconds to synchronously load lazily loaded font '../../../Engine/Content/Slate/Fonts/Roboto-Bold.ttf' (160K)
[2019.01.16-18.01.20:020][  0]LogSlate: Took 0.000191 seconds to synchronously load lazily loaded font '../../../Engine/Content/Editor/Slate/Fonts/FontAwesome.ttf' (139K)
[2019.01.16-18.01.20:105][  0]LogRenderer: Reallocating scene render targets to support 1116x540 Format 10 NumSamples 1 (Frame:1).
[2019.01.16-18.01.20:279][  0]LogContentBrowser: Native class hierarchy updated for 'HierarchicalLODOutliner' in 0.0002 seconds. Added 0 classes and 0 folders.
[2019.01.16-18.01.20:279][  0]LogLoad: (Engine Initialization) Total time: 9.87 seconds
[2019.01.16-18.01.20:279][  0]LogLoad: (Engine Initialization) Total Blueprint compile time: 0.00 seconds
[2019.01.16-18.01.20:299][  0]LogWindowsTextInputMethodSystem: Display: IME system now deactivated.
[2019.01.16-18.01.20:369][  0]LogContentStreaming: Texture pool size now 1000 MB
[2019.01.16-18.01.20:393][  0]LogSlate: Took 0.000144 seconds to synchronously load lazily loaded font '../../../Engine/Content/Slate/Fonts/Roboto-Light.ttf' (167K)
[2019.01.16-18.01.20:398][  1]LogFileCache: Retrieving MD5 hashes for directory 'D:/By_Me/Projects/IntercoSeason2/GameJamS2/Project/Content/' took 0.09s
[2019.01.16-18.01.20:410][  1]LogAssetRegistry: Asset discovery search completed in 5.1993 seconds
[2019.01.16-18.01.20:411][  1]LogCollectionManager: Rebuilt the object cache for 0 collections in 0.000000 seconds (found 0 objects)
[2019.01.16-18.01.20:411][  1]LogCollectionManager: Fixed up redirectors for 0 collections in 0.000042 seconds (updated 0 objects)
[2019.01.16-18.01.23:351][161]LogSlate: Took 0.000164 seconds to synchronously load lazily loaded font '../../../Engine/Content/Slate/Fonts/Roboto-Light.ttf' (167K)
[2019.01.16-18.01.31:006][619]LogSlate: FSceneViewport::OnFocusLost() reason 0
[2019.01.16-18.01.31:157][626]AssetReimport: New page: Outstanding source content changes 8:01:31 AM
[2019.01.16-18.01.31:169][627]LogEditorFactories: Performing atomic reimport of [D:/By_Me/Projects/IntercoSeason2/GameJamS2/Project/Content/Blueprint/Interaction/Vase/VaseTexture.png]
[2019.01.16-18.01.31:169][627]LogFactory: FactoryCreateFile: Texture2D with ReimportTextureFactory (0 0 D:/By_Me/Projects/IntercoSeason2/GameJamS2/Project/Content/Blueprint/Interaction/Vase/VaseTexture.png)
[2019.01.16-18.01.31:176][627]LogEditorFactories: -- imported successfully
[2019.01.16-18.01.31:215][627]LogSavePackage: Moving '../../../../../../By_Me/Projects/IntercoSeason2/GameJamS2/Project/Saved/VaseTexture78063EE74222CB94FFFB8682EB6BB9E4.tmp' to '../../../../../../By_Me/Projects/IntercoSeason2/GameJamS2/Project/Content/Blueprint/Interaction/Vase/VaseTexture.uasset'
[2019.01.16-18.01.34:237][808]AssetReimport: Reimported asset VaseTexture from D:/By_Me/Projects/IntercoSeason2/GameJamS2/Project/Content/Blueprint/Interaction/Vase/VaseTexture.png.
